d:\repositories\c++\vivistaplayer\vivistaplayer\x64\release\vc142.pdb
d:\repositories\c++\vivistaplayer\vivistaplayer\x64\release\main.obj
d:\repositories\c++\vivistaplayer\vivistaplayer\x64\release\decoder.obj
d:\repositories\c++\vivistaplayer\vivistaplayer\x64\release\clock.obj
d:\repositories\c++\vivistaplayer\vivistaplayer\x64\release\vivistaplayer.obj
d:\repositories\c++\vivistaplayer\vivistaplayer\x64\release\renderapi_d3d12.obj
d:\repositories\c++\vivistaplayer\vivistaplayer\x64\release\renderapi_d3d11.obj
d:\repositories\c++\vivistaplayer\vivistaplayer\x64\release\renderapi.obj
d:\repositories\c++\vivistaplayer\vivistaplayer\x64\release\renderapi_openglcorees.obj
d:\repositories\c++\vivistaplayer\vivistaplayer\x64\release\manager.obj
d:\repositories\c++\vivistaplayer\bin\vivistaplayer.dll
d:\repositories\c++\vivistaplayer\bin\vivistaplayer.pdb
d:\repositories\c++\vivistaplayer\bin\vivistaplayer.lib
d:\repositories\c++\vivistaplayer\bin\vivistaplayer.exp
d:\repositories\c++\vivistaplayer\bin\vivistaplayer.ipdb
d:\repositories\c++\vivistaplayer\bin\vivistaplayer.iobj
d:\repositories\c++\vivistaplayer\vivistaplayer\x64\release\vivistaplayer.tlog\cl.command.1.tlog
d:\repositories\c++\vivistaplayer\vivistaplayer\x64\release\vivistaplayer.tlog\cl.read.1.tlog
d:\repositories\c++\vivistaplayer\vivistaplayer\x64\release\vivistaplayer.tlog\cl.write.1.tlog
d:\repositories\c++\vivistaplayer\vivistaplayer\x64\release\vivistaplayer.tlog\link.command.1.tlog
d:\repositories\c++\vivistaplayer\vivistaplayer\x64\release\vivistaplayer.tlog\link.delete.1.tlog
d:\repositories\c++\vivistaplayer\vivistaplayer\x64\release\vivistaplayer.tlog\link.read.1.tlog
d:\repositories\c++\vivistaplayer\vivistaplayer\x64\release\vivistaplayer.tlog\link.write.1.tlog
d:\repositories\c++\vivistaplayer\vivistaplayer\x64\release\vivistaplayer.tlog\vivistaplayer.write.1u.tlog
